2025-10-11 04:26:58: vsinglesclubweb listening on http://0.0.0.0:40000
2025-10-11 04:27:14: GET /healthz 200 2 - 6.693 ms
2025-10-11 04:27:19: GET /api/getMessage 200 24 - 1.450 ms
2025-10-11 04:27:25: HEAD / 200 332 - 3.298 ms
2025-10-11 05:44:56: GET /healthz 200 2 - 0.604 ms
2025-10-11 05:44:58: GET /healthz 200 2 - 0.585 ms
2025-10-11 05:45:00: GET /healthz 200 2 - 0.156 ms
2025-10-11 05:45:02: GET /healthz 200 2 - 0.536 ms
2025-10-11 05:45:04: GET /healthz 200 2 - 0.404 ms
2025-10-11 05:45:06: GET /healthz 200 2 - 0.272 ms
2025-10-11 05:45:08: GET /healthz 200 2 - 0.560 ms
2025-10-11 05:45:10: GET /healthz 200 2 - 0.486 ms
2025-10-11 05:45:12: GET /healthz 200 2 - 0.412 ms
2025-10-11 05:45:14: GET /healthz 200 2 - 0.163 ms
2025-10-11 05:45:16: GET /healthz 200 2 - 0.411 ms
2025-10-11 05:45:18: GET /healthz 200 2 - 0.449 ms
2025-10-11 05:45:20: GET /healthz 200 2 - 0.135 ms
2025-10-11 05:45:22: GET /healthz 200 2 - 0.356 ms
2025-10-11 05:45:24: GET /healthz 200 2 - 0.313 ms
2025-10-11 05:45:26: GET /healthz 200 2 - 0.317 ms
2025-10-11 05:45:28: GET /healthz 200 2 - 0.368 ms
2025-10-11 05:45:30: GET /healthz 200 2 - 0.350 ms
2025-10-11 05:45:32: GET /healthz 200 2 - 0.329 ms
2025-10-11 05:45:34: GET /healthz 200 2 - 0.314 ms
2025-10-11 05:45:36: GET /healthz 200 2 - 0.330 ms
2025-10-11 05:45:38: GET /healthz 200 2 - 0.128 ms
2025-10-11 05:45:40: GET /healthz 200 2 - 0.128 ms
2025-10-11 05:45:42: GET /healthz 200 2 - 0.141 ms
2025-10-11 05:45:44: GET /healthz 200 2 - 0.309 ms
2025-10-11 05:45:46: GET /healthz 200 2 - 0.306 ms
2025-10-11 05:45:48: GET /healthz 200 2 - 0.305 ms
2025-10-11 05:45:50: GET /healthz 200 2 - 0.314 ms
2025-10-11 05:45:52: GET /healthz 200 2 - 0.183 ms
2025-10-11 05:45:54: GET /healthz 200 2 - 0.122 ms
2025-10-11 05:45:56: GET /healthz 200 2 - 0.305 ms
2025-10-11 05:45:58: GET /healthz 200 2 - 0.122 ms
2025-10-11 05:46:00: GET /healthz 200 2 - 0.328 ms
2025-10-11 05:46:02: GET /healthz 200 2 - 0.135 ms
2025-10-11 05:46:04: GET /healthz 200 2 - 0.305 ms
2025-10-11 05:46:06: GET /healthz 200 2 - 0.304 ms
2025-10-11 05:46:08: GET /healthz 200 2 - 0.307 ms
2025-10-11 05:46:10: GET /healthz 200 2 - 0.341 ms
2025-10-11 05:46:12: GET /healthz 200 2 - 0.342 ms
2025-10-11 05:46:14: GET /healthz 200 2 - 0.335 ms
2025-10-11 05:46:16: GET /healthz 200 2 - 0.329 ms
2025-10-11 05:46:18: GET /healthz 200 2 - 0.300 ms
2025-10-11 05:46:20: GET /healthz 200 2 - 0.307 ms
2025-10-11 05:46:22: GET /healthz 200 2 - 0.127 ms
2025-10-11 05:46:24: GET /healthz 200 2 - 0.329 ms
2025-10-11 05:46:26: GET /healthz 200 2 - 0.135 ms
2025-10-11 05:46:28: GET /healthz 200 2 - 0.128 ms
2025-10-11 05:46:30: GET / 200 332 - 1.930 ms
2025-10-11 05:46:30: GET /assets/index-DCh2Tfb9.js 200 216368 - 0.533 ms
2025-10-11 05:46:30: GET /healthz 200 2 - 0.130 ms
2025-10-11 05:46:30: GET /favicon.ico 200 332 - 1.164 ms
2025-10-11 05:46:30: GET /api/getMessage 200 24 - 0.135 ms
2025-10-11 05:46:32: GET /healthz 200 2 - 0.306 ms
2025-10-11 05:46:34: GET /healthz 200 2 - 0.346 ms
2025-10-11 05:46:36: GET /healthz 200 2 - 0.341 ms
2025-10-11 05:46:38: GET /healthz 200 2 - 0.303 ms
2025-10-11 05:46:40: GET /healthz 200 2 - 0.184 ms
2025-10-11 05:46:42: GET /healthz 200 2 - 0.144 ms
2025-10-11 05:46:42: GET / 304 - - 0.544 ms
2025-10-11 05:46:42: GET /assets/index-DCh2Tfb9.js 304 - - 0.380 ms
2025-10-11 05:46:42: GET /api/getMessage 304 - - 0.161 ms
2025-10-11 05:46:42: GET /favicon.ico 200 332 - 1.483 ms
2025-10-11 05:46:44: GET /healthz 200 2 - 0.129 ms
2025-10-11 05:46:46: GET /healthz 200 2 - 0.121 ms
2025-10-11 05:46:48: GET /healthz 200 2 - 0.303 ms
2025-10-11 05:46:50: GET /healthz 200 2 - 0.304 ms
2025-10-11 05:46:52: GET /healthz 200 2 - 0.159 ms
2025-10-11 05:46:52: GET / 304 - - 0.248 ms
2025-10-11 05:46:52: GET /assets/index-DCh2Tfb9.js 304 - - 0.347 ms
2025-10-11 05:46:52: GET /api/getMessage 304 - - 0.139 ms
2025-10-11 05:46:52: GET /favicon.ico 304 - - 0.339 ms
2025-10-11 05:46:54: GET /healthz 200 2 - 0.327 ms
2025-10-11 05:46:56: GET /healthz 200 2 - 0.328 ms
2025-10-11 05:46:58: GET /healthz 200 2 - 0.301 ms
2025-10-11 05:47:00: GET /healthz 200 2 - 0.121 ms
2025-10-11 05:47:02: GET /healthz 200 2 - 0.130 ms
2025-10-11 05:47:04: GET /healthz 200 2 - 0.300 ms
2025-10-11 05:47:06: GET /healthz 200 2 - 0.300 ms
2025-10-11 05:47:08: GET /healthz 200 2 - 0.298 ms
2025-10-11 05:47:10: GET /healthz 200 2 - 0.306 ms
2025-10-11 05:47:12: GET /healthz 200 2 - 0.299 ms
2025-10-11 05:47:14: GET /healthz 200 2 - 0.122 ms
2025-10-11 05:47:16: GET /healthz 200 2 - 0.145 ms
2025-10-11 05:47:18: GET /healthz 200 2 - 0.124 ms
2025-10-11 05:47:20: GET /healthz 200 2 - 0.128 ms
2025-10-11 05:47:22: GET /healthz 200 2 - 0.127 ms
2025-10-11 05:47:24: GET /healthz 200 2 - 0.307 ms
2025-10-11 05:47:26: GET /healthz 200 2 - 0.132 ms
2025-10-11 05:47:28: GET /healthz 200 2 - 0.121 ms
2025-10-11 05:47:30: GET /healthz 200 2 - 0.121 ms
2025-10-11 05:47:32: GET /healthz 200 2 - 0.123 ms
2025-10-11 05:47:34: GET /healthz 200 2 - 0.122 ms
2025-10-11 05:47:36: GET /healthz 200 2 - 0.144 ms
2025-10-11 05:47:38: GET /healthz 200 2 - 0.326 ms
2025-10-11 05:47:40: GET /healthz 200 2 - 0.157 ms
2025-10-11 05:47:42: GET /healthz 200 2 - 0.145 ms
2025-10-11 05:47:44: GET /healthz 200 2 - 0.139 ms
2025-10-11 05:47:46: GET /healthz 200 2 - 0.136 ms
2025-10-11 05:47:48: GET /healthz 200 2 - 0.142 ms
2025-10-11 05:47:50: GET /healthz 200 2 - 0.135 ms
2025-10-11 05:47:52: GET /healthz 200 2 - 0.135 ms
2025-10-11 05:47:54: GET /healthz 200 2 - 0.142 ms
2025-10-11 05:47:56: GET /healthz 200 2 - 0.138 ms
2025-10-11 05:47:58: GET /healthz 200 2 - 0.363 ms
2025-10-11 05:48:00: GET /healthz 200 2 - 0.334 ms
2025-10-11 05:48:02: GET /healthz 200 2 - 0.153 ms
2025-10-11 05:48:04: GET /healthz 200 2 - 0.138 ms
2025-10-11 05:48:06: GET /healthz 200 2 - 0.183 ms
2025-10-11 05:48:08: GET /healthz 200 2 - 0.333 ms
2025-10-11 05:48:10: GET /healthz 200 2 - 0.330 ms
2025-10-11 05:48:12: GET /healthz 200 2 - 0.329 ms
2025-10-11 05:48:14: GET /healthz 200 2 - 0.201 ms
2025-10-11 05:48:16: GET /healthz 200 2 - 0.144 ms
2025-10-11 05:48:18: GET /healthz 200 2 - 0.148 ms
2025-10-11 05:48:20: GET /healthz 200 2 - 0.188 ms
2025-10-11 05:48:22: GET /healthz 200 2 - 0.130 ms
2025-10-11 05:48:24: GET /healthz 200 2 - 0.125 ms
2025-10-11 05:48:26: GET /healthz 200 2 - 0.175 ms
2025-10-11 05:48:28: GET /healthz 200 2 - 0.123 ms
2025-10-11 05:48:30: GET /healthz 200 2 - 0.328 ms
2025-10-11 05:48:32: GET /healthz 200 2 - 0.123 ms
2025-10-11 05:48:34: GET /healthz 200 2 - 0.304 ms
2025-10-11 05:48:36: GET /healthz 200 2 - 0.124 ms
2025-10-11 05:48:38: GET /healthz 200 2 - 0.135 ms
2025-10-11 05:48:40: GET /healthz 200 2 - 0.413 ms
2025-10-11 05:48:42: GET /healthz 200 2 - 0.350 ms
2025-10-11 05:48:44: GET /healthz 200 2 - 0.138 ms
2025-10-11 05:48:46: GET /healthz 200 2 - 0.122 ms
2025-10-11 05:48:48: GET /healthz 200 2 - 0.304 ms
2025-10-11 05:48:50: GET /healthz 200 2 - 0.126 ms
2025-10-11 05:48:52: GET /healthz 200 2 - 0.122 ms
2025-10-11 05:48:54: GET /healthz 200 2 - 0.127 ms
2025-10-11 05:48:56: GET /healthz 200 2 - 0.122 ms
2025-10-11 05:48:58: GET /healthz 200 2 - 0.303 ms
2025-10-11 05:49:00: GET /healthz 200 2 - 0.121 ms
2025-10-11 05:49:02: GET /healthz 200 2 - 0.129 ms
2025-10-11 05:49:04: GET /healthz 200 2 - 0.144 ms
2025-10-11 05:49:06: GET /healthz 200 2 - 0.121 ms
2025-10-11 05:49:08: GET /healthz 200 2 - 0.134 ms
2025-10-11 05:49:10: GET /healthz 200 2 - 0.126 ms
2025-10-11 05:49:12: GET /healthz 200 2 - 0.141 ms
2025-10-11 05:49:14: GET /healthz 200 2 - 0.121 ms
2025-10-11 05:49:16: GET /healthz 200 2 - 0.177 ms
2025-10-11 05:49:18: GET /healthz 200 2 - 0.123 ms
2025-10-11 05:49:20: GET /healthz 200 2 - 0.130 ms
2025-10-11 05:49:22: GET /healthz 200 2 - 0.299 ms
2025-10-11 05:49:24: GET /healthz 200 2 - 0.140 ms
2025-10-11 05:49:26: GET /healthz 200 2 - 0.123 ms
2025-10-11 05:49:28: GET /healthz 200 2 - 0.134 ms
2025-10-11 05:49:30: GET /healthz 200 2 - 0.298 ms
2025-10-11 05:49:32: GET /healthz 200 2 - 0.235 ms
2025-10-11 05:49:34: GET /healthz 200 2 - 0.122 ms
2025-10-11 05:49:36: GET /healthz 200 2 - 0.123 ms
2025-10-11 05:49:38: GET /healthz 200 2 - 0.308 ms
2025-10-11 05:49:40: GET /healthz 200 2 - 0.129 ms
2025-10-11 05:49:42: GET /healthz 200 2 - 0.310 ms
2025-10-11 05:49:44: GET /healthz 200 2 - 0.304 ms
2025-10-11 05:49:46: GET /healthz 200 2 - 0.299 ms
2025-10-11 05:49:48: GET /healthz 200 2 - 0.187 ms
2025-10-11 05:49:50: GET /healthz 200 2 - 0.330 ms
2025-10-11 05:49:52: GET /healthz 200 2 - 0.332 ms
2025-10-11 05:49:54: GET /healthz 200 2 - 0.122 ms
2025-10-11 05:49:56: GET /healthz 200 2 - 0.118 ms
2025-10-11 05:49:58: GET /healthz 200 2 - 0.121 ms
2025-10-11 05:50:00: GET /healthz 200 2 - 0.297 ms
2025-10-11 05:50:02: GET /healthz 200 2 - 0.297 ms
2025-10-11 05:50:04: GET /healthz 200 2 - 0.121 ms
2025-10-11 05:50:06: GET /healthz 200 2 - 0.130 ms
2025-10-11 05:50:08: GET /healthz 200 2 - 0.303 ms
2025-10-11 05:50:10: GET /healthz 200 2 - 0.127 ms
2025-10-11 05:50:12: GET /healthz 200 2 - 0.304 ms
2025-10-11 05:50:14: GET /healthz 200 2 - 0.120 ms
2025-10-11 05:50:16: GET /healthz 200 2 - 0.138 ms
2025-10-11 05:50:18: GET /healthz 200 2 - 0.330 ms
2025-10-11 05:50:20: GET /healthz 200 2 - 0.123 ms
2025-10-11 05:50:22: GET /healthz 200 2 - 0.123 ms
2025-10-11 05:50:24: GET /healthz 200 2 - 0.340 ms
2025-10-11 05:50:26: GET /healthz 200 2 - 0.127 ms
2025-10-11 05:50:28: GET /healthz 200 2 - 0.130 ms
2025-10-11 05:50:30: GET /healthz 200 2 - 0.350 ms
2025-10-11 05:50:32: GET /healthz 200 2 - 0.503 ms
2025-10-11 05:50:34: GET /healthz 200 2 - 0.372 ms
2025-10-11 05:50:36: GET /healthz 200 2 - 0.367 ms
2025-10-11 05:50:38: GET /healthz 200 2 - 0.365 ms
2025-10-11 05:50:40: GET /healthz 200 2 - 0.330 ms
2025-10-11 05:50:42: GET /healthz 200 2 - 0.141 ms
2025-10-11 05:50:44: GET /healthz 200 2 - 0.333 ms
2025-10-11 05:50:46: GET /healthz 200 2 - 0.341 ms
2025-10-11 05:50:48: GET /healthz 200 2 - 0.331 ms
2025-10-11 05:50:50: GET /healthz 200 2 - 0.371 ms
2025-10-11 05:50:52: GET /healthz 200 2 - 0.379 ms
2025-10-11 05:50:54: GET /healthz 200 2 - 0.378 ms
2025-10-11 05:50:56: GET /healthz 200 2 - 0.212 ms
2025-10-11 05:50:58: GET /healthz 200 2 - 0.135 ms
2025-10-11 05:51:00: GET /healthz 200 2 - 0.342 ms
2025-10-11 05:51:02: GET /healthz 200 2 - 0.331 ms
2025-10-11 05:51:04: GET /healthz 200 2 - 0.329 ms
2025-10-11 05:51:06: GET /healthz 200 2 - 0.329 ms
2025-10-11 05:51:08: GET /healthz 200 2 - 0.328 ms
2025-10-11 05:51:10: GET /healthz 200 2 - 0.126 ms
2025-10-11 05:51:12: GET /healthz 200 2 - 0.325 ms
2025-10-11 05:51:14: GET /healthz 200 2 - 0.326 ms
2025-10-11 05:51:16: GET /healthz 200 2 - 0.332 ms
2025-10-11 05:51:18: GET /healthz 200 2 - 0.377 ms
2025-10-11 05:51:20: GET /healthz 200 2 - 0.341 ms
